#
# There is insufficient memory for the Java Runtime Environment to continue.
# Native memory allocation (malloc) failed to allocate 20626128 bytes. Error detail: Chunk::new
# Possible reasons:
#   The system is out of physical RAM or swap space
#   This process is running with CompressedOops enabled, and the Java Heap may be blocking the growth of the native heap
# Possible solutions:
#   Reduce memory load on the system
#   Increase physical memory or swap space
#   Check if swap backing store is full
#   Decrease Java heap size (-Xmx/-Xms)
#   Decrease number of Java threads
#   Decrease Java thread stack sizes (-Xss)
#   Set larger code cache with -XX:ReservedCodeCacheSize=
#   JVM is running with Unscaled Compressed Oops mode in which the Java heap is
#     placed in the first 4GB address space. The Java Heap base address is the
#     maximum limit for the native heap growth. Please use -XX:HeapBaseMinAddress
#     to set the Java Heap base and to place the Java Heap above 4GB virtual address.
# This output file may be truncated or incomplete.
#
#  Out of Memory Error (arena.cpp:162), pid=39288, tid=38460
#
# JRE version: Java(TM) SE Runtime Environment (24.0.2+12) (build 24.0.2+12-54)
# Java VM: Java HotSpot(TM) 64-Bit Server VM (24.0.2+12-54, mixed mode, sharing, tiered, compressed oops, compressed class ptrs, g1 gc, windows-amd64)
# No core dump will be written. Minidumps are not enabled by default on client versions of Windows
#

---------------  S U M M A R Y ------------

Command Line: -XX:+ShowCodeDetailsInExceptionMessages com.example.demo.StockMarketApplication

Host: 12th Gen Intel(R) Core(TM) i5-12450H, 12 cores, 7G,  Windows 11 , 64 bit Build 26100 (10.0.26100.4768)
Time: Fri Aug 29 22:34:13 2025 Eastern Daylight Time elapsed time: 1.764775 seconds (0d 0h 0m 1s)

---------------  T H R E A D  ---------------

Current thread (0x000002337a993d90):  JavaThread "C2 CompilerThread0" daemon [_thread_in_native, id=38460, stack(0x0000005c65800000,0x0000005c65900000) (1024K)]


Current CompileTask:
C2:1765 2716       4       java.lang.invoke.MethodType::makeImpl (155 bytes)

Stack: [0x0000005c65800000,0x0000005c65900000]
Native frames: (J=compiled Java code, j=interpreted, Vv=VM code, C=native code)
V  [jvm.dll+0x730829]  (no source info available)
V  [jvm.dll+0x8d9da3]  (no source info available)
V  [jvm.dll+0x8dc28d]  (no source info available)
V  [jvm.dll+0x8dc903]  (no source info available)
V  [jvm.dll+0x2a9f56]  (no source info available)
V  [jvm.dll+0xced7f]  (no source info available)
V  [jvm.dll+0xcefdf]  (no source info available)
V  [jvm.dll+0x154c83]  (no source info available)
V  [jvm.dll+0x73604f]  (no source info available)
V  [jvm.dll+0x26f8dc]  (no source info available)
V  [jvm.dll+0x26e8ff]  (no source info available)
V  [jvm.dll+0x1e9c90]  (no source info available)
V  [jvm.dll+0x27e0cb]  (no source info available)
V  [jvm.dll+0x27c36a]  (no source info available)
V  [jvm.dll+0x42f396]  (no source info available)
V  [jvm.dll+0x87d9eb]  (no source info available)
V  [jvm.dll+0x72ef45]  (no source info available)
C  [ucrtbase.dll+0x37b0]  (no source info available)
C  [KERNEL32.DLL+0x2e8d7]  (no source info available)
C  [ntdll.dll+0x3c34c]  (no source info available)

Lock stack of current Java thread (top to bottom):


---------------  P R O C E S S  ---------------

Threads class SMR info:
_java_thread_list=0x00000233468aeea0, length=12, elements={
0x000002335bbcd6a0, 0x000002337a985710, 0x000002337a985e50, 0x000002337a988dc0,
0x000002337a989970, 0x000002337a98b9d0, 0x000002337a98cfc0, 0x000002337a993d90,
0x000002337a995530, 0x000002337a98de60, 0x000002337a98ab30, 0x0000023345be4dd0
}

Java Threads: ( => current thread )
  0x000002335bbcd6a0 JavaThread "main"                              [_thread_in_Java, id=4892, stack(0x0000005c64a00000,0x0000005c64b00000) (1024K)]
  0x000002337a985710 JavaThread "Reference Handler"          daemon [_thread_blocked, id=18812, stack(0x0000005c65200000,0x0000005c65300000) (1024K)]
  0x000002337a985e50 JavaThread "Finalizer"                  daemon [_thread_blocked, id=29832, stack(0x0000005c65300000,0x0000005c65400000) (1024K)]
  0x000002337a988dc0 JavaThread "Signal Dispatcher"          daemon [_thread_blocked, id=40020, stack(0x0000005c65400000,0x0000005c65500000) (1024K)]
  0x000002337a989970 JavaThread "Attach Listener"            daemon [_thread_blocked, id=8924, stack(0x0000005c65500000,0x0000005c65600000) (1024K)]
  0x000002337a98b9d0 JavaThread "Service Thread"             daemon [_thread_blocked, id=39000, stack(0x0000005c65600000,0x0000005c65700000) (1024K)]
  0x000002337a98cfc0 JavaThread "Monitor Deflation Thread"   daemon [_thread_blocked, id=40456, stack(0x0000005c65700000,0x0000005c65800000) (1024K)]
=>0x000002337a993d90 JavaThread "C2 CompilerThread0"         daemon [_thread_in_native, id=38460, stack(0x0000005c65800000,0x0000005c65900000) (1024K)]
  0x000002337a995530 JavaThread "C1 CompilerThread0"         daemon [_thread_blocked, id=32692, stack(0x0000005c65900000,0x0000005c65a00000) (1024K)]
  0x000002337a98de60 JavaThread "Notification Thread"        daemon [_thread_blocked, id=20240, stack(0x0000005c65a00000,0x0000005c65b00000) (1024K)]
  0x000002337a98ab30 JavaThread "Common-Cleaner"             daemon [_thread_blocked, id=40828, stack(0x0000005c65b00000,0x0000005c65c00000) (1024K)]
  0x0000023345be4dd0 JavaThread "C2 CompilerThread1"         daemon [_thread_in_native, id=10140, stack(0x0000005c65c00000,0x0000005c65d00000) (1024K)]
Total: 12

Other Threads:
  0x000002337a82a260 VMThread "VM Thread"                           [id=29984, stack(0x0000005c65100000,0x0000005c65200000) (1024K)]
  0x000002337a967590 WatcherThread "VM Periodic Task Thread"        [id=12208, stack(0x0000005c65000000,0x0000005c65100000) (1024K)]
  0x000002335e13a5e0 WorkerThread "GC Thread#0"                     [id=37452, stack(0x0000005c64b00000,0x0000005c64c00000) (1024K)]
  0x000002337a829750 WorkerThread "GC Thread#1"                     [id=8680, stack(0x0000005c65d00000,0x0000005c65e00000) (1024K)]
  0x000002334616eca0 WorkerThread "GC Thread#2"                     [id=6496, stack(0x0000005c65e00000,0x0000005c65f00000) (1024K)]
  0x000002334616cf20 WorkerThread "GC Thread#3"                     [id=38248, stack(0x0000005c65f00000,0x0000005c66000000) (1024K)]
  0x000002334616e8f0 WorkerThread "GC Thread#4"                     [id=38116, stack(0x0000005c66000000,0x0000005c66100000) (1024K)]
  0x000002334616d2d0 WorkerThread "GC Thread#5"                     [id=18480, stack(0x0000005c66100000,0x0000005c66200000) (1024K)]
  0x000002335e14eaa0 ConcurrentGCThread "G1 Main Marker"            [id=35348, stack(0x0000005c64c00000,0x0000005c64d00000) (1024K)]
  0x000002335e14f7b0 WorkerThread "G1 Conc#0"                       [id=24376, stack(0x0000005c64d00000,0x0000005c64e00000) (1024K)]
  0x000002337a81f440 ConcurrentGCThread "G1 Refine#0"               [id=18488, stack(0x0000005c64e00000,0x0000005c64f00000) (1024K)]
  0x000002337a8219f0 ConcurrentGCThread "G1 Service"                [id=15268, stack(0x0000005c64f00000,0x0000005c65000000) (1024K)]
Total: 12

Threads with active compile tasks:
C2 CompilerThread0  2095 2716       4       java.lang.invoke.MethodType::makeImpl (155 bytes)
C1 CompilerThread0  2095 3085       3       java.util.stream.ReferencePipeline::flatMap (30 bytes)
C2 CompilerThread1  2095 3076       4       org.springframework.beans.factory.support.AbstractBeanFactory::isTypeMatch (745 bytes)
Total: 3

VM state: not at safepoint (normal execution)

VM Mutex/Monitor currently owned by a thread: None

Heap address: 0x0000000084a00000, size: 1974 MB, Compressed Oops mode: 32-bit

CDS archive(s) mapped at: [0x0000023300000000-0x0000023300d40000-0x0000023300d40000), size 13893632, SharedBaseAddress: 0x0000023300000000, ArchiveRelocationMode: 1.
Compressed class space mapped at: 0x0000023301000000-0x0000023341000000, reserved size: 1073741824
UseCompressedClassPointers 1, UseCompactObjectHeaders 0
Narrow klass pointer bits 32, Max shift 3
Narrow klass base: 0x0000023300000000, Narrow klass shift: 0
Encoding Range: [0x0000023300000000 - 0x0000023400000000), (4294967296 bytes)
Klass Range:    [0x0000023300000000 - 0x0000023341000000), (1090519040 bytes)
Klass ID Range:  [8 - 1090519033) (1090519025)

GC Precious Log:
 CardTable entry size: 512
 Card Set container configuration: InlinePtr #cards 5 size 8 Array Of Cards #cards 10 size 36 Howl #buckets 4 coarsen threshold 1843 Howl Bitmap #cards 512 size 80 coarsen threshold 460 Card regions per heap region 1 cards per card region 2048
 CPUs: 12 total, 12 available
 Memory: 7893M
 Large Page Support: Disabled
 NUMA Support: Disabled
 Compressed Oops: Enabled (32-bit)
 Heap Region Size: 1M
 Heap Min Capacity: 8M
 Heap Initial Capacity: 124M
 Heap Max Capacity: 1974M
 Pre-touch: Disabled
 Parallel Workers: 10
 Concurrent Workers: 3
 Concurrent Refinement Workers: 10
 Periodic GC: Disabled

Heap:
 garbage-first heap   total reserved 2021376K, committed 129024K, used 39738K [0x0000000084a00000, 0x0000000100000000)
  region size 1024K, 39 young (39936K), 6 survivors (6144K)
 Metaspace       used 19377K, committed 19648K, reserved 1114112K
  class space    used 1946K, committed 2048K, reserved 1048576K

Heap Regions: E=young(eden), S=young(survivor), O=old, HS=humongous(starts), HC=humongous(continues), CS=collection set, F=free, TAMS=top-at-mark-start, PB=parsable bottom
|   0|0x0000000084a00000, 0x0000000084a00000, 0x0000000084b00000|  0%| F|  |TAMS 0x0000000084a00000| PB 0x0000000084a00000| Untracked |  0
|   1|0x0000000084b00000, 0x0000000084b00000, 0x0000000084c00000|  0%| F|  |TAMS 0x0000000084b00000| PB 0x0000000084b00000| Untracked |  0
|   2|0x0000000084c00000, 0x0000000084c00000, 0x0000000084d00000|  0%| F|  |TAMS 0x0000000084c00000| PB 0x0000000084c00000| Untracked |  0
|   3|0x0000000084d00000, 0x0000000084d00000, 0x0000000084e00000|  0%| F|  |TAMS 0x0000000084d00000| PB 0x0000000084d00000| Untracked |  0
|   4|0x0000000084e00000, 0x0000000084e00000, 0x0000000084f00000|  0%| F|  |TAMS 0x0000000084e00000| PB 0x0000000084e00000| Untracked |  0
|   5|0x0000000084f00000, 0x0000000084f00000, 0x0000000085000000|  0%| F|  |TAMS 0x0000000084f00000| PB 0x0000000084f00000| Untracked |  0
|   6|0x0000000085000000, 0x0000000085000000, 0x0000000085100000|  0%| F|  |TAMS 0x0000000085000000| PB 0x0000000085000000| Untracked |  0
|   7|0x0000000085100000, 0x0000000085100000, 0x0000000085200000|  0%| F|  |TAMS 0x0000000085100000| PB 0x0000000085100000| Untracked |  0
|   8|0x0000000085200000, 0x0000000085200000, 0x0000000085300000|  0%| F|  |TAMS 0x0000000085200000| PB 0x0000000085200000| Untracked |  0
|   9|0x0000000085300000, 0x0000000085300000, 0x0000000085400000|  0%| F|  |TAMS 0x0000000085300000| PB 0x0000000085300000| Untracked |  0
|  10|0x0000000085400000, 0x0000000085400000, 0x0000000085500000|  0%| F|  |TAMS 0x0000000085400000| PB 0x0000000085400000| Untracked |  0
|  11|0x0000000085500000, 0x0000000085500000, 0x0000000085600000|  0%| F|  |TAMS 0x0000000085500000| PB 0x0000000085500000| Untracked |  0
|  12|0x0000000085600000, 0x0000000085600000, 0x0000000085700000|  0%| F|  |TAMS 0x0000000085600000| PB 0x0000000085600000| Untracked |  0
|  13|0x0000000085700000, 0x0000000085700000, 0x0000000085800000|  0%| F|  |TAMS 0x0000000085700000| PB 0x0000000085700000| Untracked |  0
|  14|0x0000000085800000, 0x0000000085800000, 0x0000000085900000|  0%| F|  |TAMS 0x0000000085800000| PB 0x0000000085800000| Untracked |  0
|  15|0x0000000085900000, 0x0000000085900000, 0x0000000085a00000|  0%| F|  |TAMS 0x0000000085900000| PB 0x0000000085900000| Untracked |  0
|  16|0x0000000085a00000, 0x0000000085a00000, 0x0000000085b00000|  0%| F|  |TAMS 0x0000000085a00000| PB 0x0000000085a00000| Untracked |  0
|  17|0x0000000085b00000, 0x0000000085b00000, 0x0000000085c00000|  0%| F|  |TAMS 0x0000000085b00000| PB 0x0000000085b00000| Untracked |  0
|  18|0x0000000085c00000, 0x0000000085c00000, 0x0000000085d00000|  0%| F|  |TAMS 0x0000000085c00000| PB 0x0000000085c00000| Untracked |  0
|  19|0x0000000085d00000, 0x0000000085d00000, 0x0000000085e00000|  0%| F|  |TAMS 0x0000000085d00000| PB 0x0000000085d00000| Untracked |  0
|  20|0x0000000085e00000, 0x0000000085e00000, 0x0000000085f00000|  0%| F|  |TAMS 0x0000000085e00000| PB 0x0000000085e00000| Untracked |  0
|  21|0x0000000085f00000, 0x0000000085f00000, 0x0000000086000000|  0%| F|  |TAMS 0x0000000085f00000| PB 0x0000000085f00000| Untracked |  0
|  22|0x0000000086000000, 0x0000000086000000, 0x0000000086100000|  0%| F|  |TAMS 0x0000000086000000| PB 0x0000000086000000| Untracked |  0
|  23|0x0000000086100000, 0x0000000086100000, 0x0000000086200000|  0%| F|  |TAMS 0x0000000086100000| PB 0x0000000086100000| Untracked |  0
|  24|0x0000000086200000, 0x0000000086200000, 0x0000000086300000|  0%| F|  |TAMS 0x0000000086200000| PB 0x0000000086200000| Untracked |  0
|  25|0x0000000086300000, 0x0000000086300000, 0x0000000086400000|  0%| F|  |TAMS 0x0000000086300000| PB 0x0000000086300000| Untracked |  0
|  26|0x0000000086400000, 0x0000000086400000, 0x0000000086500000|  0%| F|  |TAMS 0x0000000086400000| PB 0x0000000086400000| Untracked |  0
|  27|0x0000000086500000, 0x0000000086500000, 0x0000000086600000|  0%| F|  |TAMS 0x0000000086500000| PB 0x0000000086500000| Untracked |  0
|  28|0x0000000086600000, 0x0000000086600000, 0x0000000086700000|  0%| F|  |TAMS 0x0000000086600000| PB 0x0000000086600000| Untracked |  0
|  29|0x0000000086700000, 0x0000000086700000, 0x0000000086800000|  0%| F|  |TAMS 0x0000000086700000| PB 0x0000000086700000| Untracked |  0
|  30|0x0000000086800000, 0x0000000086800000, 0x0000000086900000|  0%| F|  |TAMS 0x0000000086800000| PB 0x0000000086800000| Untracked |  0
|  31|0x0000000086900000, 0x0000000086900000, 0x0000000086a00000|  0%| F|  |TAMS 0x0000000086900000| PB 0x0000000086900000| Untracked |  0
|  32|0x0000000086a00000, 0x0000000086a00000, 0x0000000086b00000|  0%| F|  |TAMS 0x0000000086a00000| PB 0x0000000086a00000| Untracked |  0
|  33|0x0000000086b00000, 0x0000000086b00000, 0x0000000086c00000|  0%| F|  |TAMS 0x0000000086b00000| PB 0x0000000086b00000| Untracked |  0
|  34|0x0000000086c00000, 0x0000000086c00000, 0x0000000086d00000|  0%| F|  |TAMS 0x0000000086c00000| PB 0x0000000086c00000| Untracked |  0
|  35|0x0000000086d00000, 0x0000000086d00000, 0x0000000086e00000|  0%| F|  |TAMS 0x0000000086d00000| PB 0x0000000086d00000| Untracked |  0
|  36|0x0000000086e00000, 0x0000000086e00000, 0x0000000086f00000|  0%| F|  |TAMS 0x0000000086e00000| PB 0x0000000086e00000| Untracked |  0
|  37|0x0000000086f00000, 0x0000000086f00000, 0x0000000087000000|  0%| F|  |TAMS 0x0000000086f00000| PB 0x0000000086f00000| Untracked |  0
|  38|0x0000000087000000, 0x0000000087000000, 0x0000000087100000|  0%| F|  |TAMS 0x0000000087000000| PB 0x0000000087000000| Untracked |  0
|  39|0x0000000087100000, 0x0000000087100000, 0x0000000087200000|  0%| F|  |TAMS 0x0000000087100000| PB 0x0000000087100000| Untracked |  0
|  40|0x0000000087200000, 0x0000000087200000, 0x0000000087300000|  0%| F|  |TAMS 0x0000000087200000| PB 0x0000000087200000| Untracked |  0
|  41|0x0000000087300000, 0x0000000087300000, 0x0000000087400000|  0%| F|  |TAMS 0x0000000087300000| PB 0x0000000087300000| Untracked |  0
|  42|0x0000000087400000, 0x0000000087400000, 0x0000000087500000|  0%| F|  |TAMS 0x0000000087400000| PB 0x0000000087400000| Untracked |  0
|  43|0x0000000087500000, 0x0000000087500000, 0x0000000087600000|  0%| F|  |TAMS 0x0000000087500000| PB 0x0000000087500000| Untracked |  0
|  44|0x0000000087600000, 0x0000000087600000, 0x0000000087700000|  0%| F|  |TAMS 0x0000000087600000| PB 0x0000000087600000| Untracked |  0
|  45|0x0000000087700000, 0x0000000087700000, 0x0000000087800000|  0%| F|  |TAMS 0x0000000087700000| PB 0x0000000087700000| Untracked |  0
|  46|0x0000000087800000, 0x0000000087800000, 0x0000000087900000|  0%| F|  |TAMS 0x0000000087800000| PB 0x0000000087800000| Untracked |  0
|  47|0x0000000087900000, 0x0000000087900000, 0x0000000087a00000|  0%| F|  |TAMS 0x0000000087900000| PB 0x0000000087900000| Untracked |  0
|  48|0x0000000087a00000, 0x0000000087a00000, 0x0000000087b00000|  0%| F|  |TAMS 0x0000000087a00000| PB 0x0000000087a00000| Untracked |  0
|  49|0x0000000087b00000, 0x0000000087b00000, 0x0000000087c00000|  0%| F|  |TAMS 0x0000000087b00000| PB 0x0000000087b00000| Untracked |  0
|  50|0x0000000087c00000, 0x0000000087c00000, 0x0000000087d00000|  0%| F|  |TAMS 0x0000000087c00000| PB 0x0000000087c00000| Untracked |  0
|  51|0x0000000087d00000, 0x0000000087d00000, 0x0000000087e00000|  0%| F|  |TAMS 0x0000000087d00000| PB 0x0000000087d00000| Untracked |  0
|  52|0x0000000087e00000, 0x0000000087e00000, 0x0000000087f00000|  0%| F|  |TAMS 0x0000000087e00000| PB 0x0000000087e00000| Untracked |  0
|  53|0x0000000087f00000, 0x0000000087f00000, 0x0000000088000000|  0%| F|  |TAMS 0x0000000087f00000| PB 0x0000000087f00000| Untracked |  0
|  54|0x0000000088000000, 0x0000000088000000, 0x0000000088100000|  0%| F|  |TAMS 0x0000000088000000| PB 0x0000000088000000| Untracked |  0
|  55|0x0000000088100000, 0x0000000088100000, 0x0000000088200000|  0%| F|  |TAMS 0x0000000088100000| PB 0x0000000088100000| Untracked |  0
|  56|0x0000000088200000, 0x0000000088200000, 0x0000000088300000|  0%| F|  |TAMS 0x0000000088200000| PB 0x0000000088200000| Untracked |  0
|  57|0x0000000088300000, 0x0000000088300000, 0x0000000088400000|  0%| F|  |TAMS 0x0000000088300000| PB 0x0000000088300000| Untracked |  0
|  58|0x0000000088400000, 0x0000000088400000, 0x0000000088500000|  0%| F|  |TAMS 0x0000000088400000| PB 0x0000000088400000| Untracked |  0
|  59|0x0000000088500000, 0x0000000088500000, 0x0000000088600000|  0%| F|  |TAMS 0x0000000088500000| PB 0x0000000088500000| Untracked |  0
|  60|0x0000000088600000, 0x0000000088600000, 0x0000000088700000|  0%| F|  |TAMS 0x0000000088600000| PB 0x0000000088600000| Untracked |  0
|  61|0x0000000088700000, 0x0000000088700000, 0x0000000088800000|  0%| F|  |TAMS 0x0000000088700000| PB 0x0000000088700000| Untracked |  0
|  62|0x0000000088800000, 0x0000000088800000, 0x0000000088900000|  0%| F|  |TAMS 0x0000000088800000| PB 0x0000000088800000| Untracked |  0
|  63|0x0000000088900000, 0x0000000088900000, 0x0000000088a00000|  0%| F|  |TAMS 0x0000000088900000| PB 0x0000000088900000| Untracked |  0
|  64|0x0000000088a00000, 0x0000000088a00000, 0x0000000088b00000|  0%| F|  |TAMS 0x0000000088a00000| PB 0x0000000088a00000| Untracked |  0
|  65|0x0000000088b00000, 0x0000000088b00000, 0x0000000088c00000|  0%| F|  |TAMS 0x0000000088b00000| PB 0x0000000088b00000| Untracked |  0
|  66|0x0000000088c00000, 0x0000000088c00000, 0x0000000088d00000|  0%| F|  |TAMS 0x0000000088c00000| PB 0x0000000088c00000| Untracked |  0
|  67|0x0000000088d00000, 0x0000000088d00000, 0x0000000088e00000|  0%| F|  |TAMS 0x0000000088d00000| PB 0x0000000088d00000| Untracked |  0
|  68|0x0000000088e00000, 0x0000000088e00000, 0x0000000088f00000|  0%| F|  |TAMS 0x0000000088e00000| PB 0x0000000088e00000| Untracked |  0
|  69|0x0000000088f00000, 0x0000000088f00000, 0x0000000089000000|  0%| F|  |TAMS 0x0000000088f00000| PB 0x0000000088f00000| Untracked |  0
|  70|0x0000000089000000, 0x0000000089000000, 0x0000000089100000|  0%| F|  |TAMS 0x0000000089000000| PB 0x0000000089000000| Untracked |  0
|  71|0x0000000089100000, 0x00000000891b1740, 0x0000000089200000| 69%| S|CS|TAMS 0x0000000089100000| PB 0x0000000089100000| Complete |  0
|  72|0x0000000089200000, 0x0000000089300000, 0x0000000089300000|100%| S|CS|TAMS 0x0000000089200000| PB 0x0000000089200000| Complete |  0
|  73|0x0000000089300000, 0x0000000089400000, 0x0000000089400000|100%| S|CS|TAMS 0x0000000089300000| PB 0x0000000089300000| Complete |  0
|  74|0x0000000089400000, 0x0000000089500000, 0x0000000089500000|100%| S|CS|TAMS 0x0000000089400000| PB 0x0000000089400000| Complete |  0
|  75|0x0000000089500000, 0x0000000089600000, 0x0000000089600000|100%| S|CS|TAMS 0x0000000089500000| PB 0x0000000089500000| Complete |  0
|  76|0x0000000089600000, 0x0000000089700000, 0x0000000089700000|100%| S|CS|TAMS 0x0000000089600000| PB 0x0000000089600000| Complete |  0
|  77|0x0000000089700000, 0x0000000089700000, 0x0000000089800000|  0%| F|  |TAMS 0x0000000089700000| PB 0x0000000089700000| Untracked |  0
|  78|0x0000000089800000, 0x0000000089800000, 0x0000000089900000|  0%| F|  |TAMS 0x0000000089800000| PB 0x0000000089800000| Untracked |  0
|  79|0x0000000089900000, 0x0000000089900000, 0x0000000089a00000|  0%| F|  |TAMS 0x0000000089900000| PB 0x0000000089900000| Untracked |  0
|  80|0x0000000089a00000, 0x0000000089a00000, 0x0000000089b00000|  0%| F|  |TAMS 0x0000000089a00000| PB 0x0000000089a00000| Untracked |  0
|  81|0x0000000089b00000, 0x0000000089b00000, 0x0000000089c00000|  0%| F|  |TAMS 0x0000000089b00000| PB 0x0000000089b00000| Untracked |  0
|  82|0x0000000089c00000, 0x0000000089c00000, 0x0000000089d00000|  0%| F|  |TAMS 0x0000000089c00000| PB 0x0000000089c00000| Untracked |  0
|  83|0x0000000089d00000, 0x0000000089d00000, 0x0000000089e00000|  0%| F|  |TAMS 0x0000000089d00000| PB 0x0000000089d00000| Untracked |  0
|  84|0x0000000089e00000, 0x0000000089e00000, 0x0000000089f00000|  0%| F|  |TAMS 0x0000000089e00000| PB 0x0000000089e00000| Untracked |  0
|  85|0x0000000089f00000, 0x0000000089f00000, 0x000000008a000000|  0%| F|  |TAMS 0x0000000089f00000| PB 0x0000000089f00000| Untracked |  0
|  86|0x000000008a000000, 0x000000008a000000, 0x000000008a100000|  0%| F|  |TAMS 0x000000008a000000| PB 0x000000008a000000| Untracked |  0
|  87|0x000000008a100000, 0x000000008a100000, 0x000000008a200000|  0%| F|  |TAMS 0x000000008a100000| PB 0x000000008a100000| Untracked |  0
|  88|0x000000008a200000, 0x000000008a200000, 0x000000008a300000|  0%| F|  |TAMS 0x000000008a200000| PB 0x000000008a200000| Untracked |  0
|  89|0x000000008a300000, 0x000000008a300000, 0x000000008a400000|  0%| F|  |TAMS 0x000000008a300000| PB 0x000000008a300000| Untracked |  0
|  90|0x000000008a400000, 0x000000008a400000, 0x000000008a500000|  0%| F|  |TAMS 0x000000008a400000| PB 0x000000008a400000| Untracked |  0
|  91|0x000000008a500000, 0x000000008a587240, 0x000000008a600000| 52%| E|  |TAMS 0x000000008a500000| PB 0x000000008a500000| Complete |  0
|  92|0x000000008a600000, 0x000000008a700000, 0x000000008a700000|100%| E|CS|TAMS 0x000000008a600000| PB 0x000000008a600000| Complete |  0
|  93|0x000000008a700000, 0x000000008a800000, 0x000000008a800000|100%| E|CS|TAMS 0x000000008a700000| PB 0x000000008a700000| Complete |  0
|  94|0x000000008a800000, 0x000000008a900000, 0x000000008a900000|100%| E|CS|TAMS 0x000000008a800000| PB 0x000000008a800000| Complete |  0
|  95|0x000000008a900000, 0x000000008aa00000, 0x000000008aa00000|100%| E|CS|TAMS 0x000000008a900000| PB 0x000000008a900000| Complete |  0
|  96|0x000000008aa00000, 0x000000008ab00000, 0x000000008ab00000|100%| E|CS|TAMS 0x000000008aa00000| PB 0x000000008aa00000| Complete |  0
|  97|0x000000008ab00000, 0x000000008ac00000, 0x000000008ac00000|100%| E|CS|TAMS 0x000000008ab00000| PB 0x000000008ab00000| Complete |  0
|  98|0x000000008ac00000, 0x000000008ad00000, 0x000000008ad00000|100%| E|CS|TAMS 0x000000008ac00000| PB 0x000000008ac00000| Complete |  0
|  99|0x000000008ad00000, 0x000000008ae00000, 0x000000008ae00000|100%| E|CS|TAMS 0x000000008ad00000| PB 0x000000008ad00000| Complete |  0
| 100|0x000000008ae00000, 0x000000008af00000, 0x000000008af00000|100%| E|CS|TAMS 0x000000008ae00000| PB 0x000000008ae00000| Complete |  0
| 101|0x000000008af00000, 0x000000008b000000, 0x000000008b000000|100%| E|CS|TAMS 0x000000008af00000| PB 0x000000008af00000| Complete |  0
| 102|0x000000008b000000, 0x000000008b100000, 0x000000008b100000|100%| E|CS|TAMS 0x000000008b000000| PB 0x000000008b000000| Complete |  0
| 103|0x000000008b100000, 0x000000008b200000, 0x000000008b200000|100%| E|CS|TAMS 0x000000008b100000| PB 0x000000008b100000| Complete |  0
| 104|0x000000008b200000, 0x000000008b300000, 0x000000008b300000|100%| E|CS|TAMS 0x000000008b200000| PB 0x000000008b200000| Complete |  0
| 105|0x000000008b300000, 0x000000008b400000, 0x000000008b400000|100%| E|CS|TAMS 0x000000008b300000| PB 0x000000008b300000| Complete |  0
| 106|0x000000008b400000, 0x000000008b500000, 0x000000008b500000|100%| E|CS|TAMS 0x000000008b400000| PB 0x000000008b400000| Complete |  0
| 107|0x000000008b500000, 0x000000008b600000, 0x000000008b600000|100%| E|CS|TAMS 0x000000008b500000| PB 0x000000008b500000| Complete |  0
| 108|0x000000008b600000, 0x000000008b700000, 0x000000008b700000|100%| E|CS|TAMS 0x000000008b600000| PB 0x000000008b600000| Complete |  0
| 109|0x000000008b700000, 0x000000008b800000, 0x000000008b800000|100%| E|CS|TAMS 0x000000008b700000| PB 0x000000008b700000| Complete |  0
| 110|0x000000008b800000, 0x000000008b900000, 0x000000008b900000|100%| E|CS|TAMS 0x000000008b800000| PB 0x000000008b800000| Complete |  0
| 111|0x000000008b900000, 0x000000008ba00000, 0x000000008ba00000|100%| E|CS|TAMS 0x000000008b900000| PB 0x000000008b900000| Complete |  0
| 112|0x000000008ba00000, 0x000000008bb00000, 0x000000008bb00000|100%| E|CS|TAMS 0x000000008ba00000| PB 0x000000008ba00000| Complete |  0
| 113|0x000000008bb00000, 0x000000008bc00000, 0x000000008bc00000|100%| E|CS|TAMS 0x000000008bb00000| PB 0x000000008bb00000| Complete |  0
| 114|0x000000008bc00000, 0x000000008bd00000, 0x000000008bd00000|100%| E|CS|TAMS 0x000000008bc00000| PB 0x000000008bc00000| Complete |  0
| 115|0x000000008bd00000, 0x000000008be00000, 0x000000008be00000|100%| E|CS|TAMS 0x000000008bd00000| PB 0x000000008bd00000| Complete |  0
| 116|0x000000008be00000, 0x000000008bf00000, 0x000000008bf00000|100%| E|CS|TAMS 0x000000008be00000| PB 0x000000008be00000| Complete |  0
| 117|0x000000008bf00000, 0x000000008c000000, 0x000000008c000000|100%| E|CS|TAMS 0x000000008bf00000| PB 0x000000008bf00000| Complete |  0
| 118|0x000000008c000000, 0x000000008c100000, 0x000000008c100000|100%| E|CS|TAMS 0x000000008c000000| PB 0x000000008c000000| Complete |  0
| 119|0x000000008c100000, 0x000000008c200000, 0x000000008c200000|100%| E|CS|TAMS 0x000000008c100000| PB 0x000000008c100000| Complete |  0
| 120|0x000000008c200000, 0x000000008c300000, 0x000000008c300000|100%| E|CS|TAMS 0x000000008c200000| PB 0x000000008c200000| Complete |  0
| 121|0x000000008c300000, 0x000000008c400000, 0x000000008c400000|100%| E|CS|TAMS 0x000000008c300000| PB 0x000000008c300000| Complete |  0
| 122|0x000000008c400000, 0x000000008c500000, 0x000000008c500000|100%| E|CS|TAMS 0x000000008c400000| PB 0x000000008c400000| Complete |  0
| 123|0x000000008c500000, 0x000000008c600000, 0x000000008c600000|100%| E|CS|TAMS 0x000000008c500000| PB 0x000000008c500000| Complete |  0
|1972|0x00000000ffe00000, 0x00000000fff00000, 0x00000000fff00000|100%| O|  |TAMS 0x00000000ffe00000| PB 0x00000000ffe00000| Untracked |  0
|1973|0x00000000fff00000, 0x00000000fff1d248, 0x0000000100000000| 11%| O|  |TAMS 0x00000000fff00000| PB 0x00000000fff00000| Untracked |  0

Card table byte_map: [0x00000233761a0000,0x0000023376580000] _byte_map_base: 0x0000023375d7b000

Marking Bits: (CMBitMap*) 0x000002335e13acf0
 Bits: [0x0000023376580000, 0x0000023378458000)

Polling page: 0x000002335bec0000

Metaspace:

Usage:
  Non-class:     17.04 MB used.
      Class:      1.90 MB used.
       Both:     18.94 MB used.

Virtual space:
  Non-class space:       64.00 MB reserved,      17.19 MB ( 27%) committed,  1 nodes.
      Class space:        1.00 GB reserved,       2.00 MB ( <1%) committed,  1 nodes.
             Both:        1.06 GB reserved,      19.19 MB (  2%) committed. 

Chunk freelists:
   Non-Class:  14.31 MB
       Class:  14.02 MB
        Both:  28.33 MB

MaxMetaspaceSize: unlimited
CompressedClassSpaceSize: 1.00 GB
Initial GC threshold: 21.00 MB
Current GC threshold: 21.00 MB
CDS: on
 - commit_granule_bytes: 65536.
 - commit_granule_words: 8192.
 - virtual_space_node_default_size: 8388608.
 - enlarge_chunks_in_place: 1.
UseCompressedClassPointers 1, UseCompactObjectHeaders 0
Narrow klass pointer bits 32, Max shift 3
Narrow klass base: 0x0000023300000000, Narrow klass shift: 0
Encoding Range: [0x0000023300000000 - 0x0000023400000000), (4294967296 bytes)
Klass Range:    [0x0000023300000000 - 0x0000023341000000), (1090519040 bytes)
Klass ID Range:  [8 - 1090519033) (1090519025)


Internal statistics:

num_allocs_failed_limit: 0.
num_arena_births: 228.
num_arena_deaths: 0.
num_vsnodes_births: 2.
num_vsnodes_deaths: 0.
num_space_committed: 307.
num_space_uncommitted: 0.
num_chunks_returned_to_freelist: 0.
num_chunks_taken_from_freelist: 873.
num_chunk_merges: 0.
num_chunk_splits: 605.
num_chunks_enlarged: 478.
num_inconsistent_stats: 0.

CodeHeap 'non-profiled nmethods': size=120064Kb used=966Kb max_used=966Kb free=119097Kb
 bounds [0x000002336e440000, 0x000002336e6b0000, 0x0000023375980000]
CodeHeap 'profiled nmethods': size=120000Kb used=5309Kb max_used=5309Kb free=114690Kb
 bounds [0x0000023366980000, 0x0000023366eb0000, 0x000002336deb0000]
CodeHeap 'non-nmethods': size=5696Kb used=1351Kb max_used=1412Kb free=4344Kb
 bounds [0x000002336deb0000, 0x000002336e120000, 0x000002336e440000]
CodeCache: size=245760Kb, used=7626Kb, max_used=7687Kb, free=238131Kb
 total_blobs=3603, nmethods=3089, adapters=418, full_count=0
Compilation: enabled, stopped_count=0, restarted_count=0

Compilation events (20 events):
Event: 1.615 Thread 0x000002337a995530 2972       3       org.springframework.core.MethodParameter::getMethod (23 bytes)
Event: 1.616 Thread 0x000002337a995530 nmethod 2972 0x0000023366e7df08 code [0x0000023366e7e020, 0x0000023366e7e340]
Event: 1.616 Thread 0x000002337a995530 2973       1       org.springframework.context.annotation.ConfigurationClass::getResource (5 bytes)
Event: 1.616 Thread 0x000002337a995530 nmethod 2973 0x000002336e525e08 code [0x000002336e525f00, 0x000002336e525fc8]
Event: 1.617 Thread 0x000002337a995530 2976       1       org.springframework.beans.BeanMetadataAttributeAccessor::getSource (5 bytes)
Event: 1.617 Thread 0x000002337a995530 nmethod 2976 0x000002336e526108 code [0x000002336e526200, 0x000002336e5262c8]
Event: 1.617 Thread 0x000002337a995530 2978       3       org.springframework.context.annotation.AnnotationBeanNameGenerator$$Lambda/0x0000023301148238::test (10 bytes)
Event: 1.618 Thread 0x000002337a995530 nmethod 2978 0x0000023366e7e388 code [0x0000023366e7e4e0, 0x0000023366e7ea00]
Event: 1.618 Thread 0x000002337a995530 2979       3       java.util.HashMap$Node::hashCode (16 bytes)
Event: 1.618 Thread 0x000002337a995530 nmethod 2979 0x0000023366e7ea88 code [0x0000023366e7ebe0, 0x0000023366e7efd0]
Event: 1.618 Thread 0x000002337a995530 2980       3       org.springframework.core.annotation.RepeatableContainers::findRepeatedAnnotations (18 bytes)
Event: 1.619 Thread 0x000002337a995530 nmethod 2980 0x0000023366e7f008 code [0x0000023366e7f140, 0x0000023366e7f370]
Event: 1.619 Thread 0x000002337a995530 2981       3       org.springframework.boot.autoconfigure.condition.FilteringSpringBootCondition::resolve (16 bytes)
Event: 1.620 Thread 0x000002337a995530 nmethod 2981 0x0000023366e7f388 code [0x0000023366e7f4e0, 0x0000023366e7f780]
Event: 1.620 Thread 0x000002337a995530 2982       3       org.springframework.core.ResolvableType::isAssignableFrom (37 bytes)
Event: 1.621 Thread 0x000002337a995530 nmethod 2982 0x0000023366e7f808 code [0x0000023366e7f960, 0x0000023366e7fde0]
Event: 1.621 Thread 0x000002337a995530 2984       3       org.springframework.core.ResolvableType::isAssignableFrom (584 bytes)
Event: 1.623 Thread 0x000002337a995530 nmethod 2984 0x0000023366e7fe08 code [0x0000023366e802a0, 0x0000023366e82d48]
Event: 1.623 Thread 0x000002337a995530 2983       3       org.springframework.core.ResolvableType::isAssignableFrom (9 bytes)
Event: 1.624 Thread 0x000002337a995530 nmethod 2983 0x0000023366e82e08 code [0x0000023366e82f20, 0x0000023366e83070]

GC Heap History (2 events):
Event: 0.807 GC heap before
{Heap before GC invocations=0 (full 0):
 garbage-first heap   total reserved 2021376K, committed 129024K, used 49268K [0x0000000084a00000, 0x0000000100000000)
  region size 1024K, 47 young (48128K), 0 survivors (0K)
 Metaspace       used 12955K, committed 13184K, reserved 1114112K
  class space    used 1288K, committed 1344K, reserved 1048576K
}
Event: 0.814 GC heap after
{Heap after GC invocations=1 (full 0):
 garbage-first heap   total reserved 2021376K, committed 129024K, used 6970K [0x0000000084a00000, 0x0000000100000000)
  region size 1024K, 6 young (6144K), 6 survivors (6144K)
 Metaspace       used 12955K, committed 13184K, reserved 1114112K
  class space    used 1288K, committed 1344K, reserved 1048576K
}

Dll operation events (7 events):
Event: 0.010 Loaded shared library C:\Program Files\Java\jdk-24\bin\java.dll
Event: 0.033 Loaded shared library C:\Program Files\Java\jdk-24\bin\jsvml.dll
Event: 0.057 Loaded shared library C:\Program Files\Java\jdk-24\bin\net.dll
Event: 0.058 Loaded shared library C:\Program Files\Java\jdk-24\bin\nio.dll
Event: 0.060 Loaded shared library C:\Program Files\Java\jdk-24\bin\zip.dll
Event: 0.127 Loaded shared library C:\Program Files\Java\jdk-24\bin\jimage.dll
Event: 0.935 Loaded shared library C:\Program Files\Java\jdk-24\bin\sunmscapi.dll

Deoptimization events (20 events):
Event: 1.120 Thread 0x000002335bbcd6a0 Uncommon trap: trap_request=0xffffffde fr.pc=0x000002336e4847d4 relative=0x00000000000001d4
Event: 1.120 Thread 0x000002335bbcd6a0 Uncommon trap: reason=class_check action=maybe_recompile pc=0x000002336e4847d4 method=java.lang.String.equals(Ljava/lang/Object;)Z @ 8 c2
Event: 1.120 Thread 0x000002335bbcd6a0 DEOPT PACKING pc=0x000002336e4847d4 sp=0x0000005c64afe290
Event: 1.120 Thread 0x000002335bbcd6a0 DEOPT UNPACKING pc=0x000002336dfc7802 sp=0x0000005c64afe218 mode 2
Event: 1.120 Thread 0x000002335bbcd6a0 Uncommon trap: trap_request=0xffffffde fr.pc=0x000002336e4847d4 relative=0x00000000000001d4
Event: 1.120 Thread 0x000002335bbcd6a0 Uncommon trap: reason=class_check action=maybe_recompile pc=0x000002336e4847d4 method=java.lang.String.equals(Ljava/lang/Object;)Z @ 8 c2
Event: 1.120 Thread 0x000002335bbcd6a0 DEOPT PACKING pc=0x000002336e4847d4 sp=0x0000005c64afe290
Event: 1.120 Thread 0x000002335bbcd6a0 DEOPT UNPACKING pc=0x000002336dfc7802 sp=0x0000005c64afe218 mode 2
Event: 1.132 Thread 0x000002335bbcd6a0 DEOPT PACKING pc=0x0000023366cd7994 sp=0x0000005c64afd860
Event: 1.132 Thread 0x000002335bbcd6a0 DEOPT UNPACKING pc=0x000002336df05722 sp=0x0000005c64afcd48 mode 0
Event: 1.200 Thread 0x000002335bbcd6a0 Uncommon trap: trap_request=0xffffffcc fr.pc=0x000002336e50e278 relative=0x00000000000003b8
Event: 1.200 Thread 0x000002335bbcd6a0 Uncommon trap: reason=intrinsic_or_type_checked_inlining action=make_not_entrant pc=0x000002336e50e278 method=java.util.Arrays.copyOf([Ljava/lang/Object;ILjava/lang/Class;)[Ljava/lang/Object; @ 35 c2
Event: 1.200 Thread 0x000002335bbcd6a0 DEOPT PACKING pc=0x000002336e50e278 sp=0x0000005c64afe120
Event: 1.200 Thread 0x000002335bbcd6a0 DEOPT UNPACKING pc=0x000002336dfc7802 sp=0x0000005c64afe0b0 mode 2
Event: 1.204 Thread 0x000002335bbcd6a0 DEOPT PACKING pc=0x0000023366cd7994 sp=0x0000005c64afdb30
Event: 1.204 Thread 0x000002335bbcd6a0 DEOPT UNPACKING pc=0x000002336df05722 sp=0x0000005c64afd018 mode 0
Event: 1.442 Thread 0x000002335bbcd6a0 Uncommon trap: trap_request=0xffffff4d fr.pc=0x000002336e4f15f0 relative=0x0000000000000c50
Event: 1.442 Thread 0x000002335bbcd6a0 Uncommon trap: reason=unstable_if action=reinterpret pc=0x000002336e4f15f0 method=java.util.concurrent.ConcurrentHashMap.putVal(Ljava/lang/Object;Ljava/lang/Object;Z)Ljava/lang/Object; @ 148 c2
Event: 1.442 Thread 0x000002335bbcd6a0 DEOPT PACKING pc=0x000002336e4f15f0 sp=0x0000005c64afe3f0
Event: 1.442 Thread 0x000002335bbcd6a0 DEOPT UNPACKING pc=0x000002336dfc7802 sp=0x0000005c64afe380 mode 2

Classes loaded (20 events):
Event: 0.942 Loading class com/sun/security/sasl/Provider$ProviderService
Event: 0.942 Loading class com/sun/security/sasl/Provider$ProviderService done
Event: 0.942 Loading class sun/security/provider/certpath/ldap/JdkLDAP
Event: 0.942 Loading class sun/security/provider/certpath/ldap/JdkLDAP done
Event: 0.942 Loading class sun/security/provider/certpath/ldap/JdkLDAP$ProviderService
Event: 0.943 Loading class sun/security/provider/certpath/ldap/JdkLDAP$ProviderService done
Event: 0.947 Loading class java/lang/Thread$ThreadNumbering
Event: 0.947 Loading class java/lang/Thread$ThreadNumbering done
Event: 0.952 Loading class javax/naming/ldap/LdapContext
Event: 0.952 Loading class javax/naming/directory/DirContext
Event: 0.952 Loading class javax/naming/directory/DirContext done
Event: 0.952 Loading class javax/naming/ldap/LdapContext done
Event: 0.988 Loading class java/lang/invoke/TypeConvertingMethodAdapter$BoxHolder
Event: 0.989 Loading class java/lang/invoke/TypeConvertingMethodAdapter$BoxHolder done
Event: 1.032 Loading class java/util/stream/Streams$ConcatSpliterator$OfRef
Event: 1.032 Loading class java/util/stream/Streams$ConcatSpliterator
Event: 1.032 Loading class java/util/stream/Streams$ConcatSpliterator done
Event: 1.032 Loading class java/util/stream/Streams$ConcatSpliterator$OfRef done
Event: 1.032 Loading class java/util/stream/Streams$2
Event: 1.032 Loading class java/util/stream/Streams$2 done

Classes unloaded (0 events):
No events

Classes redefined (0 events):
No events

Internal exceptions (20 events):
Event: 0.515 Thread 0x000002335bbcd6a0 Exception <a 'java/lang/NoSuchMethodError'{0x000000008aebc7d0}: 'int java.lang.invoke.DirectMethodHandle$Holder.invokeSpecialIFC(java.lang.Object, java.lang.Object, java.lang.Object, java.lang.Object)'> (0x000000008aebc7d0) 
thrown [s\open\src\hotspot\share\interpreter\linkResolver.cpp, line 805]
Event: 0.530 Thread 0x000002335bbcd6a0 Exception <a 'java/lang/NoSuchMethodError'{0x000000008adadd90}: 'void java.lang.invoke.DirectMethodHandle$Holder.invokeInterface(java.lang.Object, java.lang.Object, java.lang.Object)'> (0x000000008adadd90) 
thrown [s\open\src\hotspot\share\interpreter\linkResolver.cpp, line 805]
Event: 0.547 Thread 0x000002335bbcd6a0 Exception <a 'java/lang/NoSuchMethodError'{0x000000008ac3a0b0}: 'void java.lang.invoke.DirectMethodHandle$Holder.invokeStaticInit(java.lang.Object, java.lang.Object, java.lang.Object)'> (0x000000008ac3a0b0) 
thrown [s\open\src\hotspot\share\interpreter\linkResolver.cpp, line 805]
Event: 0.553 Thread 0x000002335bbcd6a0 Exception <a 'java/lang/NoSuchMethodError'{0x000000008ac6c200}: 'java.lang.Object java.lang.invoke.DirectMethodHandle$Holder.invokeVirtual(java.lang.Object, java.lang.Object, java.lang.Object)'> (0x000000008ac6c200) 
thrown [s\open\src\hotspot\share\interpreter\linkResolver.cpp, line 805]
Event: 0.572 Thread 0x000002335bbcd6a0 Exception <a 'java/lang/NoSuchMethodError'{0x000000008ab4b8b8}: 'void java.lang.invoke.DirectMethodHandle$Holder.invokeVirtual(java.lang.Object, java.lang.Object, java.lang.Object, java.lang.Object)'> (0x000000008ab4b8b8) 
thrown [s\open\src\hotspot\share\interpreter\linkResolver.cpp, line 805]
Event: 0.626 Thread 0x000002337a98d710 Exception <a 'java/lang/NoClassDefFoundError'{0x000000008a714d70}: jakarta/validation/Validation> (0x000000008a714d70) 
thrown [s\open\src\hotspot\share\classfile\systemDictionary.cpp, line 316]
Event: 0.638 Thread 0x000002335bbcd6a0 Exception <a 'java/lang/IncompatibleClassChangeError'{0x000000008a6882e0}: Found class java.lang.Object, but interface was expected> (0x000000008a6882e0) 
thrown [s\open\src\hotspot\share\interpreter\linkResolver.cpp, line 872]
Event: 0.642 Thread 0x000002335bbcd6a0 Exception <a 'java/lang/NoSuchMethodError'{0x000000008a69ef90}: 'int java.lang.invoke.DirectMethodHandle$Holder.invokeVirtual(java.lang.Object, java.lang.Object)'> (0x000000008a69ef90) 
thrown [s\open\src\hotspot\share\interpreter\linkResolver.cpp, line 805]
Event: 0.729 Thread 0x000002335bbcd6a0 Exception <a 'java/lang/NoSuchMethodError'{0x0000000089d75f68}: 'java.lang.Object java.lang.invoke.DirectMethodHandle$Holder.invokeStatic(java.lang.Object, int, java.lang.Object)'> (0x0000000089d75f68) 
thrown [s\open\src\hotspot\share\interpreter\linkResolver.cpp, line 805]
Event: 0.867 Thread 0x000002337a98d710 Exception <a 'java/lang/NoSuchMethodError'{0x000000008c02c420}: 'long java.lang.invoke.DirectMethodHandle$Holder.invokeSpecial(java.lang.Object, java.lang.Object)'> (0x000000008c02c420) 
thrown [s\open\src\hotspot\share\interpreter\linkResolver.cpp, line 805]
Event: 0.869 Thread 0x000002337a98d710 Exception <a 'java/lang/NoSuchMethodError'{0x000000008c04a4f0}: 'long java.lang.invoke.DirectMethodHandle$Holder.invokeStatic(java.lang.Object, java.lang.Object)'> (0x000000008c04a4f0) 
thrown [s\open\src\hotspot\share\interpreter\linkResolver.cpp, line 805]
Event: 0.870 Thread 0x000002337a98d710 Exception <a 'java/lang/NoSuchMethodError'{0x000000008c053728}: 'long java.lang.invoke.DirectMethodHandle$Holder.invokeStaticInit(java.lang.Object, java.lang.Object)'> (0x000000008c053728) 
thrown [s\open\src\hotspot\share\interpreter\linkResolver.cpp, line 805]
Event: 0.871 Thread 0x000002337a98d710 Exception <a 'java/lang/NoSuchMethodError'{0x000000008c078e70}: 'long java.lang.invoke.DirectMethodHandle$Holder.invokeInterface(java.lang.Object, java.lang.Object)'> (0x000000008c078e70) 
thrown [s\open\src\hotspot\share\interpreter\linkResolver.cpp, line 805]
Event: 0.872 Thread 0x000002337a98d710 Exception <a 'java/lang/IncompatibleClassChangeError'{0x000000008c080af0}: Found class java.lang.Object, but interface was expected> (0x000000008c080af0) 
thrown [s\open\src\hotspot\share\interpreter\linkResolver.cpp, line 872]
Event: 0.876 Thread 0x000002337a98d710 Exception <a 'java/lang/NoSuchMethodError'{0x000000008c09ce00}: 'java.lang.Object java.lang.invoke.DirectMethodHandle$Holder.invokeVirtual(java.lang.Object, java.lang.Object, java.lang.Object, java.lang.Object)'> (0x000000008c09ce00) 
thrown [s\open\src\hotspot\share\interpreter\linkResolver.cpp, line 805]
Event: 0.886 Thread 0x000002337a98d710 Exception <a 'java/lang/NoSuchMethodError'{0x000000008be14cd0}: 'java.lang.Object java.lang.invoke.DirectMethodHandle$Holder.newInvokeSpecial(java.lang.Object, java.lang.Object, java.lang.Object, int)'> (0x000000008be14cd0) 
thrown [s\open\src\hotspot\share\interpreter\linkResolver.cpp, line 805]
Event: 0.886 Thread 0x000002337a98d710 Exception <a 'java/lang/NoSuchMethodError'{0x000000008be1d7b0}: 'java.lang.Object java.lang.invoke.Invokers$Holder.linkToTargetMethod(java.lang.Object, java.lang.Object, int, java.lang.Object)'> (0x000000008be1d7b0) 
thrown [s\open\src\hotspot\share\interpreter\linkResolver.cpp, line 805]
Event: 0.891 Thread 0x000002335bbcd6a0 Exception <a 'java/lang/NoSuchMethodError'{0x000000008be5eb98}: 'int java.lang.invoke.DirectMethodHandle$Holder.invokeSpecial(java.lang.Object, java.lang.Object, java.lang.Object, java.lang.Object, java.lang.Object)'> (0x000000008be5eb98) 
thrown [s\open\src\hotspot\share\interpreter\linkResolver.cpp, line 805]
Event: 0.893 Thread 0x000002335bbcd6a0 Exception <a 'java/lang/NoSuchMethodError'{0x000000008be707c0}: 'void java.lang.invoke.DirectMethodHandle$Holder.invokeVirtual(java.lang.Object, java.lang.Object)'> (0x000000008be707c0) 
thrown [s\open\src\hotspot\share\interpreter\linkResolver.cpp, line 805]
Event: 0.981 Thread 0x000002335bbcd6a0 Exception <a 'java/lang/IncompatibleClassChangeError'{0x000000008b7ad868}: Found class java.lang.Object, but interface was expected> (0x000000008b7ad868) 
thrown [s\open\src\hotspot\share\interpreter\linkResolver.cpp, line 872]

VM Operations (20 events):
Event: 0.351 Executing VM operation: HandshakeAllThreads (Deoptimize)
Event: 0.351 Executing VM operation: HandshakeAllThreads (Deoptimize) done
Event: 0.358 Executing VM operation: HandshakeAllThreads (Deoptimize)
Event: 0.358 Executing VM operation: HandshakeAllThreads (Deoptimize) done
Event: 0.616 Executing VM operation: HandshakeAllThreads (Deoptimize)
Event: 0.616 Executing VM operation: HandshakeAllThreads (Deoptimize) done
Event: 0.618 Executing VM operation: HandshakeAllThreads (Deoptimize)
Event: 0.618 Executing VM operation: HandshakeAllThreads (Deoptimize) done
Event: 0.714 Executing VM operation: HandshakeAllThreads (Deoptimize)
Event: 0.715 Executing VM operation: HandshakeAllThreads (Deoptimize) done
Event: 0.807 Executing VM operation: G1CollectForAllocation (G1 Evacuation Pause)
Event: 0.814 Executing VM operation: G1CollectForAllocation (G1 Evacuation Pause) done
Event: 0.876 Executing VM operation: HandshakeAllThreads (Deoptimize)
Event: 0.876 Executing VM operation: HandshakeAllThreads (Deoptimize) done
Event: 0.906 Executing VM operation: HandshakeAllThreads (Deoptimize)
Event: 0.906 Executing VM operation: HandshakeAllThreads (Deoptimize) done
Event: 0.927 Executing VM operation: HandshakeAllThreads (Deoptimize)
Event: 0.927 Executing VM operation: HandshakeAllThreads (Deoptimize) done
Event: 0.986 Executing VM operation: HandshakeAllThreads (Deoptimize)
Event: 0.986 Executing VM operation: HandshakeAllThreads (Deoptimize) done

Memory protections (0 events):
No events

Nmethod flushes (0 events):
No events

Events (17 events):
Event: 0.024 Thread 0x000002335bbcd6a0 Thread added: 0x000002335bbcd6a0
Event: 0.031 Thread 0x000002335bbcd6a0 Thread added: 0x000002337a985710
Event: 0.031 Thread 0x000002335bbcd6a0 Thread added: 0x000002337a985e50
Event: 0.032 Thread 0x000002335bbcd6a0 Thread added: 0x000002337a988dc0
Event: 0.032 Thread 0x000002335bbcd6a0 Thread added: 0x000002337a989970
Event: 0.032 Thread 0x000002335bbcd6a0 Thread added: 0x000002337a98b9d0
Event: 0.032 Thread 0x000002335bbcd6a0 Thread added: 0x000002337a98cfc0
Event: 0.032 Thread 0x000002335bbcd6a0 Thread added: 0x000002337a993d90
Event: 0.032 Thread 0x000002335bbcd6a0 Thread added: 0x000002337a995530
Event: 0.051 Thread 0x000002335bbcd6a0 Thread added: 0x000002337a98de60
Event: 0.054 Thread 0x000002335bbcd6a0 Thread added: 0x000002337a98ab30
Event: 0.624 Thread 0x000002335bbcd6a0 Thread added: 0x000002337a98d710
Event: 0.944 Thread 0x000002337a98d710 Thread exited: 0x000002337a98d710
Event: 0.947 Thread 0x000002335bbcd6a0 Thread added: 0x000002334611d050
Event: 0.955 Thread 0x000002334611d050 Thread exited: 0x000002334611d050
Event: 1.161 Thread 0x000002337a995530 Thread added: 0x0000023345be4dd0
Event: 1.615 Thread 0x0000023345be4dd0 Thread exited: 0x0000023345be4dd0


Dynamic libraries:
0x00007ff6bc0e0000 - 0x00007ff6bc0f0000 	C:\Program Files\Java\jdk-24\bin\java.exe
0x00007ffdfacc0000 - 0x00007ffdfaf27000 	C:\WINDOWS\SYSTEM32\ntdll.dll
0x00007ffdf8b70000 - 0x00007ffdf8c39000 	C:\WINDOWS\System32\KERNEL32.DLL
0x00007ffdf8090000 - 0x00007ffdf8480000 	C:\WINDOWS\System32\KERNELBASE.dll
0x00007ffdf8780000 - 0x00007ffdf88cb000 	C:\WINDOWS\System32\ucrtbase.dll
0x00007ffdda420000 - 0x00007ffdda436000 	C:\Program Files\Java\jdk-24\bin\jli.dll
0x00007ffdda2e0000 - 0x00007ffdda2fb000 	C:\Program Files\Java\jdk-24\bin\VCRUNTIME140.dll
0x00007ffdfa890000 - 0x00007ffdfaa55000 	C:\WINDOWS\System32\USER32.dll
0x00007ffdf7f30000 - 0x00007ffdf7f57000 	C:\WINDOWS\System32\win32u.dll
0x00007ffde0460000 - 0x00007ffde06fa000 	C:\WINDOWS\WinSxS\amd64_microsoft.windows.common-controls_6595b64144ccf1df_6.0.26100.4768_none_3e0c112ce331287c\COMCTL32.dll
0x00007ffdfa670000 - 0x00007ffdfa69b000 	C:\WINDOWS\System32\GDI32.dll
0x00007ffdf7df0000 - 0x00007ffdf7f28000 	C:\WINDOWS\System32\gdi32full.dll
0x00007ffdfabd0000 - 0x00007ffdfac79000 	C:\WINDOWS\System32\msvcrt.dll
0x00007ffdf8550000 - 0x00007ffdf85f3000 	C:\WINDOWS\System32\msvcp_win.dll
0x00007ffdfa630000 - 0x00007ffdfa65f000 	C:\WINDOWS\System32\IMM32.DLL
0x00007ffdf1c90000 - 0x00007ffdf1c9c000 	C:\Program Files\Java\jdk-24\bin\vcruntime140_1.dll
0x00007ffdc7d00000 - 0x00007ffdc7d8e000 	C:\Program Files\Java\jdk-24\bin\msvcp140.dll
0x00007ffd1ef80000 - 0x00007ffd1fd21000 	C:\Program Files\Java\jdk-24\bin\server\jvm.dll
0x00007ffdfaa60000 - 0x00007ffdfab14000 	C:\WINDOWS\System32\ADVAPI32.dll
0x00007ffdfab20000 - 0x00007ffdfabc6000 	C:\WINDOWS\System32\sechost.dll
0x00007ffdf9ee0000 - 0x00007ffdf9ff8000 	C:\WINDOWS\System32\RPCRT4.dll
0x00007ffdf9c90000 - 0x00007ffdf9d04000 	C:\WINDOWS\System32\WS2_32.dll
0x00007ffdf7c70000 - 0x00007ffdf7cce000 	C:\WINDOWS\SYSTEM32\POWRPROF.dll
0x00007ffdf0c50000 - 0x00007ffdf0c5b000 	C:\WINDOWS\SYSTEM32\VERSION.dll
0x00007ffde98c0000 - 0x00007ffde98f5000 	C:\WINDOWS\SYSTEM32\WINMM.dll
0x00007ffdf7c50000 - 0x00007ffdf7c64000 	C:\WINDOWS\SYSTEM32\UMPDC.dll
0x00007ffdf6b70000 - 0x00007ffdf6b8b000 	C:\WINDOWS\SYSTEM32\kernel.appcore.dll
0x00007ffdf0720000 - 0x00007ffdf072a000 	C:\Program Files\Java\jdk-24\bin\jimage.dll
0x00007ffdf53d0000 - 0x00007ffdf5611000 	C:\WINDOWS\SYSTEM32\DBGHELP.DLL
0x00007ffdf8d40000 - 0x00007ffdf90c5000 	C:\WINDOWS\System32\combase.dll
0x00007ffdf8a60000 - 0x00007ffdf8b40000 	C:\WINDOWS\System32\OLEAUT32.dll
0x00007ffdec680000 - 0x00007ffdec6c3000 	C:\WINDOWS\SYSTEM32\dbgcore.DLL
0x00007ffdf7f60000 - 0x00007ffdf7ff9000 	C:\WINDOWS\System32\bcryptPrimitives.dll
0x00007ffdda160000 - 0x00007ffdda17e000 	C:\Program Files\Java\jdk-24\bin\java.dll
0x00007ffdf9940000 - 0x00007ffdf9ae0000 	C:\WINDOWS\System32\ole32.dll
0x00007ffdf90d0000 - 0x00007ffdf981d000 	C:\WINDOWS\System32\SHELL32.dll
0x00007ffdf8600000 - 0x00007ffdf8773000 	C:\WINDOWS\System32\wintypes.dll
0x00007ffdf59a0000 - 0x00007ffdf6200000 	C:\WINDOWS\SYSTEM32\windows.storage.dll
0x00007ffdf9b90000 - 0x00007ffdf9c85000 	C:\WINDOWS\System32\SHCORE.dll
0x00007ffdfa000000 - 0x00007ffdfa06a000 	C:\WINDOWS\System32\shlwapi.dll
0x00007ffdf7d10000 - 0x00007ffdf7d39000 	C:\WINDOWS\SYSTEM32\profapi.dll
0x00007ffdb2ca0000 - 0x00007ffdb2d77000 	C:\Program Files\Java\jdk-24\bin\jsvml.dll
0x00007ffdec6d0000 - 0x00007ffdec6e0000 	C:\Program Files\Java\jdk-24\bin\net.dll
0x00007ffdf7100000 - 0x00007ffdf716b000 	C:\WINDOWS\system32\mswsock.dll
0x00007ffdd6f80000 - 0x00007ffdd6f96000 	C:\Program Files\Java\jdk-24\bin\nio.dll
0x00007ffdd0890000 - 0x00007ffdd08a7000 	C:\Program Files\Java\jdk-24\bin\zip.dll
0x00007ffdeb000000 - 0x00007ffdeb00e000 	C:\Program Files\Java\jdk-24\bin\sunmscapi.dll
0x00007ffdf88d0000 - 0x00007ffdf8a47000 	C:\WINDOWS\System32\CRYPT32.dll
0x00007ffdf75e0000 - 0x00007ffdf7610000 	C:\WINDOWS\SYSTEM32\ncrypt.dll
0x00007ffdf7590000 - 0x00007ffdf75cf000 	C:\WINDOWS\SYSTEM32\NTASN1.dll

JVMTI agents: none

dbghelp: loaded successfully - version: 4.0.5 - missing functions: none
symbol engine: initialized successfully - sym options: 0x614 - pdb path: .;C:\Program Files\Java\jdk-24\bin;C:\WINDOWS\SYSTEM32;C:\WINDOWS\WinSxS\amd64_microsoft.windows.common-controls_6595b64144ccf1df_6.0.26100.4768_none_3e0c112ce331287c;C:\Program Files\Java\jdk-24\bin\server

VM Arguments:
jvm_args: -XX:+ShowCodeDetailsInExceptionMessages 
java_command: com.example.demo.StockMarketApplication
java_class_path (initial): C:\projects\demo\target\classes;C:\Users\darsh\.m2\repository\org\springframework\boot\spring-boot-starter-thymeleaf\3.5.5\spring-boot-starter-thymeleaf-3.5.5.jar;C:\Users\darsh\.m2\repository\org\springframework\boot\spring-boot-starter\3.5.5\spring-boot-starter-3.5.5.jar;C:\Users\darsh\.m2\repository\org\springframework\boot\spring-boot\3.5.5\spring-boot-3.5.5.jar;C:\Users\darsh\.m2\repository\org\springframework\boot\spring-boot-autoconfigure\3.5.5\spring-boot-autoconfigure-3.5.5.jar;C:\Users\darsh\.m2\repository\org\springframework\boot\spring-boot-starter-logging\3.5.5\spring-boot-starter-logging-3.5.5.jar;C:\Users\darsh\.m2\repository\ch\qos\logback\logback-classic\1.5.18\logback-classic-1.5.18.jar;C:\Users\darsh\.m2\repository\ch\qos\logback\logback-core\1.5.18\logback-core-1.5.18.jar;C:\Users\darsh\.m2\repository\org\apache\logging\log4j\log4j-to-slf4j\2.24.3\log4j-to-slf4j-2.24.3.jar;C:\Users\darsh\.m2\repository\org\apache\logging\log4j\log4j-api\2.24.3\log4j-api-2.24.3.jar;C:\Users\darsh\.m2\repository\org\slf4j\jul-to-slf4j\2.0.17\jul-to-slf4j-2.0.17.jar;C:\Users\darsh\.m2\repository\jakarta\annotation\jakarta.annotation-api\2.1.1\jakarta.annotation-api-2.1.1.jar;C:\Users\darsh\.m2\repository\org\yaml\snakeyaml\2.4\snakeyaml-2.4.jar;C:\Users\darsh\.m2\repository\org\thymeleaf\thymeleaf-spring6\3.1.3.RELEASE\thymeleaf-spring6-3.1.3.RELEASE.jar;C:\Users\darsh\.m2\repository\org\thymeleaf\thymeleaf\3.1.3.RELEASE\thymeleaf-3.1.3.RELEASE.jar;C:\Users\darsh\.m2\repository\org\attoparser\attoparser\2.0.7.RELEASE\attoparser-2.0.7.RELEASE.jar;C:\Users\darsh\.m2\repository\org\unbescape\unbescape\1.1.6.RELEASE\unbescape-1.1.6.RELEASE.jar;C:\Users\darsh\.m2\repository\org\slf4j\slf4j-api\2.0.17\slf4j-api-2.0.17.jar;C:\Users\darsh\.m2\repository\org\springframework\boot\spring-boot-starter-web\3.5.5\spring-boot-starter-web-3.5.5.jar;C:\Users\darsh\.m2\repository\org\springframework\boot\spring-boot-starter-json\3.5.5\spring-boot-starter-json-3.5.5.jar;C:\Users\darsh\.m2\repository\com\fasterxml\jackson\core\jackson-databind\2.19.2\jackson-databind-2.19.2.jar;C:\Users\darsh\.m2\repository\com\fasterxml\jackson\core\jackson-annotations\2.19.2\jackson-annotations-2.19.2.jar;C:\Users\darsh\.m2\repository\com\fasterxml\jackson\core\jackson-core\2.19.2\jackson-core-2.19.2.jar;C:\Users\darsh\.m2\repository\com\fasterxml\jackson\datatype\jackson-datatype-jdk8\2.19.2\jackson-datatype-jdk8-2.19.2.jar;C:\Users\darsh\.m2\repository\com\fasterxml\jackson\datatype\jackson-datatype-jsr310\2.19.2\jackson-datatype-jsr310-2.19.2.jar;C:\Users\darsh\.m2\repository\com\fasterxml\jackson\module\jackson-module-parameter-names\2.19.2\jackson-module-parameter-names-2.19.2.jar;C:\Users\darsh\.m2\repository\org\springframework\boot\spring-boot-starter-tomcat\3.5.5\spring-boot-starter-tomcat-3.5.5.jar;C:\Users\darsh\.m2\repository\org\apache\tomcat\embed\tomcat-embed-core\10.1.44\tomcat-embed-core-10.1.44.jar;C:\Users\darsh\.m2\repository\org\apache\tomcat\embed\tomcat-embed-el\10.1.44\tomcat-embed-el-10.1.44.jar;C:\Users\darsh\.m2\repository\org\apache\tomcat\embed\tomcat-embed-websocket\10.1.44\tomcat-embed-websocket-10.1.44.jar;C:\Users\darsh\.m2\repository\org\springframework\spring-web\6.2.10\spring-web-6.2.10.jar;C:\Users\darsh\.m2\repository\org\springframework\spring-beans\6.2.10\spring-beans-6.2.10.jar;C:\Users\darsh\.m2\repository\io\micrometer\micrometer-observation\1.15.3\micrometer-observation-1.15.3.jar;C:\Users\darsh\.m2\repository\io\micrometer\micrometer-commons\1.15.3\micrometer-commons-1.15.3.jar;C:\Users\darsh\.m2\repository\org\springframework\spring-webmvc\6.2.10\spring-webmvc-6.2.10.jar;C:\Users\darsh\.m2\repository\org\springframework\spring-aop\6.2.10\spring-aop-6.2.10.jar;C:\Users\darsh\.m2\repository\org\springframework\spring-context\6.2.10\spring-context-6.2.10.jar;C:\Users\darsh\.m2\repository\org\springframework\spring-expression\6.2.10\spring-expression-6.2.10.jar;C:\Users\darsh\.m2\repository\org\projectlombok\lombok\1.18.38\lombok-1.18.38.jar;C:\Users\darsh\.m2\repository\org\springframework\spring-core\6.2.10\spring-core-6.2.10.jar;C:\Users\darsh\.m2\repository\org\springframework\spring-jcl\6.2.10\spring-jcl-6.2.10.jar
Launcher Type: SUN_STANDARD

[Global flags]
     intx CICompilerCount                          = 4                                         {product} {ergonomic}
     uint ConcGCThreads                            = 3                                         {product} {ergonomic}
     uint G1ConcRefinementThreads                  = 10                                        {product} {ergonomic}
   size_t G1HeapRegionSize                         = 1048576                                   {product} {ergonomic}
   size_t InitialHeapSize                          = 130023424                                 {product} {ergonomic}
   size_t MarkStackSize                            = 4194304                                   {product} {ergonomic}
   size_t MarkStackSizeMax                         = 536870912                                 {product} {ergonomic}
   size_t MaxHeapSize                              = 2069889024                                {product} {ergonomic}
   size_t MaxNewSize                               = 1241513984                                {product} {ergonomic}
   size_t MinHeapDeltaBytes                        = 1048576                                   {product} {ergonomic}
   size_t MinHeapSize                              = 8388608                                   {product} {ergonomic}
    uintx NonNMethodCodeHeapSize                   = 5832704                                {pd product} {ergonomic}
    uintx NonProfiledCodeHeapSize                  = 122945536                              {pd product} {ergonomic}
    uintx ProfiledCodeHeapSize                     = 122880000                              {pd product} {ergonomic}
    uintx ReservedCodeCacheSize                    = 251658240                              {pd product} {ergonomic}
     bool SegmentedCodeCache                       = true                                      {product} {ergonomic}
     bool ShowCodeDetailsInExceptionMessages       = true                                   {manageable} {command line}
   size_t SoftMaxHeapSize                          = 2069889024                             {manageable} {ergonomic}
     bool UseCompressedOops                        = true                           {product lp64_product} {ergonomic}
     bool UseG1GC                                  = true                                      {product} {ergonomic}
     bool UseLargePagesIndividualAllocation        = false                                  {pd product} {ergonomic}

Logging:
Log output configuration:
 #0: stdout all=warning uptime,level,tags foldmultilines=false
 #1: stderr all=off uptime,level,tags foldmultilines=false

Environment Variables:
PATH=C:\Program Files\Common Files\Oracle\Java\javapath;C:\Python313\Scripts\;C:\Python313\;C:\Windows\system32;C:\Windows;C:\Windows\System32\Wbem;C:\Windows\System32\WindowsPowerShell\v1.0\;C:\Windows\System32\OpenSSH\;C:\Program Files (x86)\NVIDIA Corporation\PhysX\Common;C:\Program Files\NVIDIA Corporation\NVIDIA NvDLISR;C:\Program Files\nodejs\;C:\ProgramData\chocolatey\bin;C:\WINDOWS\system32;C:\WINDOWS;C:\WINDOWS\System32\Wbem;C:\WINDOWS\System32\WindowsPowerShell\v1.0\;C:\WINDOWS\System32\OpenSSH\;C:\Program Files\Git\cmd;C:\php;C:\composer;C:\Users\darsh\AppData\Local\Microsoft\WindowsApps;C:\Users\darsh\AppData\Roaming\npm;C:\Users\darsh\AppData\Roaming\Composer\vendor\bin;C:\Users\darsh\AppData\Roaming\npm;C:\Users\darsh\AppData\Local\Programs\Microsoft VS Code\bin
USERNAME=darsh
LANG=en_US.UTF-8
OS=Windows_NT
PROCESSOR_IDENTIFIER=Intel64 Family 6 Model 154 Stepping 3, GenuineIntel
TMP=C:\Users\darsh\AppData\Local\Temp
TEMP=C:\Users\darsh\AppData\Local\Temp




Periodic native trim disabled

---------------  S Y S T E M  ---------------

OS:
 Windows 11 , 64 bit Build 26100 (10.0.26100.4768)
OS uptime: 16 days 17:15 hours
Hyper-V role detected

CPU: total 12 (initial active 12) (6 cores per cpu, 2 threads per core) family 6 model 154 stepping 3 microcode 0x424, cx8, cmov, fxsr, ht, mmx, 3dnowpref, sse, sse2, sse3, ssse3, sse4.1, sse4.2, popcnt, lzcnt, tsc, tscinvbit, avx, avx2, aes, erms, clmul, bmi1, bmi2, adx, sha, fma, vzeroupper, clflush, clflushopt, clwb, hv, serialize, rdtscp, rdpid, fsrm, gfni, f16c, cet_ibt, cet_ss
Processor Information for the first 12 processors :
  Max Mhz: 2000, Current Mhz: 2000, Mhz Limit: 2000

Memory: 4k page, system-wide physical 7893M (684M free)
TotalPageFile size 32469M (AvailPageFile size 18M)
current process WorkingSet (physical memory assigned to process): 158M, peak: 162M
current process commit charge ("private bytes"): 275M, peak: 294M

vm_info: Java HotSpot(TM) 64-Bit Server VM (24.0.2+12-54) for windows-amd64 JRE (24.0.2+12-54), built on 2025-07-08T12:10:27Z with MS VC++ 17.6 (VS2022)

END.
